2013-03-26 12:51:23.467+0000: Creating new db @ /Users/afrieden/GrailsProjects/neo4jPlatform/http:/localhost:7474/db/data/neostore
2013-03-26 12:51:23.486+0000: [/Users/afrieden/GrailsProjects/neo4jPlatform/http:/localhost:7474/db/data/neostore.nodestore.db] brickCount=0 brickSize=2243952b mappedMem=224395264b (storeSize=0b)
2013-03-26 12:51:23.493+0000: /Users/afrieden/GrailsProjects/neo4jPlatform/http:/localhost:7474/db/data/neostore.nodestore.db hit=1 miss=0 switches=0 ooe=0
2013-03-26 12:51:23.502+0000: [/Users/afrieden/GrailsProjects/neo4jPlatform/http:/localhost:7474/db/data/neostore.relationshiptypestore.db.names] brickCount=0 brickSize=0b mappedMem=0b (storeSize=38b)
2013-03-26 12:51:23.504+0000: [/Users/afrieden/GrailsProjects/neo4jPlatform/http:/localhost:7474/db/data/neostore.relationshiptypestore.db] brickCount=0 brickSize=0b mappedMem=0b (storeSize=0b)
2013-03-26 12:51:23.504+0000: /Users/afrieden/GrailsProjects/neo4jPlatform/http:/localhost:7474/db/data/neostore.relationshiptypestore.db.names hit=0 miss=0 switches=0 ooe=0
2013-03-26 12:51:23.505+0000: /Users/afrieden/GrailsProjects/neo4jPlatform/http:/localhost:7474/db/data/neostore.relationshiptypestore.db hit=0 miss=0 switches=0 ooe=0
2013-03-26 12:51:23.506+0000: [/Users/afrieden/GrailsProjects/neo4jPlatform/http:/localhost:7474/db/data/neostore.relationshiptypestore.db.names] brickCount=0 brickSize=0b mappedMem=0b (storeSize=38b)
2013-03-26 12:51:23.506+0000: [/Users/afrieden/GrailsProjects/neo4jPlatform/http:/localhost:7474/db/data/neostore.relationshiptypestore.db] brickCount=0 brickSize=0b mappedMem=0b (storeSize=0b)
2013-03-26 12:51:23.506+0000: [/Users/afrieden/GrailsProjects/neo4jPlatform/http:/localhost:7474/db/data/neostore.propertystore.db.strings] brickCount=0 brickSize=688896b mappedMem=688914432b (storeSize=128b)
2013-03-26 12:51:23.506+0000: [/Users/afrieden/GrailsProjects/neo4jPlatform/http:/localhost:7474/db/data/neostore.propertystore.db.index.keys] brickCount=0 brickSize=1026b mappedMem=1048576b (storeSize=38b)
2013-03-26 12:51:23.507+0000: [/Users/afrieden/GrailsProjects/neo4jPlatform/http:/localhost:7474/db/data/neostore.propertystore.db.index] brickCount=0 brickSize=10485b mappedMem=1048576b (storeSize=0b)
2013-03-26 12:51:23.508+0000: [/Users/afrieden/GrailsProjects/neo4jPlatform/http:/localhost:7474/db/data/neostore.propertystore.db.arrays] brickCount=0 brickSize=781184b mappedMem=781189120b (storeSize=128b)
2013-03-26 12:51:23.509+0000: [/Users/afrieden/GrailsProjects/neo4jPlatform/http:/localhost:7474/db/data/neostore.propertystore.db] brickCount=0 brickSize=8105454b mappedMem=810549248b (storeSize=0b)
2013-03-26 12:51:23.510+0000: [/Users/afrieden/GrailsProjects/neo4jPlatform/http:/localhost:7474/db/data/neostore.relationshipstore.db] brickCount=0 brickSize=9929997b mappedMem=993001472b (storeSize=0b)
2013-03-26 12:51:23.510+0000: [/Users/afrieden/GrailsProjects/neo4jPlatform/http:/localhost:7474/db/data/neostore.nodestore.db] brickCount=0 brickSize=224388b mappedMem=224395264b (storeSize=9b)
2013-03-26 12:51:23.512+0000: [/Users/afrieden/GrailsProjects/neo4jPlatform/http:/localhost:7474/db/data/neostore] brickCount=0 brickSize=0b mappedMem=0b (storeSize=0b)
2013-03-26 12:51:23.517+0000: /Users/afrieden/GrailsProjects/neo4jPlatform/http:/localhost:7474/db/data/neostore.relationshiptypestore.db.names hit=0 miss=0 switches=0 ooe=0
2013-03-26 12:51:23.518+0000: /Users/afrieden/GrailsProjects/neo4jPlatform/http:/localhost:7474/db/data/neostore.relationshiptypestore.db hit=0 miss=0 switches=0 ooe=0
2013-03-26 12:51:23.519+0000: /Users/afrieden/GrailsProjects/neo4jPlatform/http:/localhost:7474/db/data/neostore.propertystore.db.strings hit=0 miss=0 switches=0 ooe=0
2013-03-26 12:51:23.520+0000: /Users/afrieden/GrailsProjects/neo4jPlatform/http:/localhost:7474/db/data/neostore.propertystore.db.index.keys hit=0 miss=0 switches=0 ooe=0
2013-03-26 12:51:23.520+0000: /Users/afrieden/GrailsProjects/neo4jPlatform/http:/localhost:7474/db/data/neostore.propertystore.db.index hit=0 miss=0 switches=0 ooe=0
2013-03-26 12:51:23.521+0000: /Users/afrieden/GrailsProjects/neo4jPlatform/http:/localhost:7474/db/data/neostore.propertystore.db.arrays hit=0 miss=0 switches=0 ooe=0
2013-03-26 12:51:23.522+0000: /Users/afrieden/GrailsProjects/neo4jPlatform/http:/localhost:7474/db/data/neostore.propertystore.db hit=0 miss=0 switches=0 ooe=0
2013-03-26 12:51:23.523+0000: /Users/afrieden/GrailsProjects/neo4jPlatform/http:/localhost:7474/db/data/neostore.relationshipstore.db hit=0 miss=0 switches=0 ooe=0
2013-03-26 12:51:23.523+0000: /Users/afrieden/GrailsProjects/neo4jPlatform/http:/localhost:7474/db/data/neostore.nodestore.db hit=0 miss=0 switches=0 ooe=0
2013-03-26 12:51:23.524+0000: /Users/afrieden/GrailsProjects/neo4jPlatform/http:/localhost:7474/db/data/neostore hit=0 miss=8 switches=0 ooe=0
2013-03-26 12:51:23.526+0000: [/Users/afrieden/GrailsProjects/neo4jPlatform/http:/localhost:7474/db/data/neostore.relationshiptypestore.db.names] brickCount=0 brickSize=0b mappedMem=0b (storeSize=38b)
2013-03-26 12:51:23.527+0000: [/Users/afrieden/GrailsProjects/neo4jPlatform/http:/localhost:7474/db/data/neostore.relationshiptypestore.db] brickCount=0 brickSize=0b mappedMem=0b (storeSize=0b)
2013-03-26 12:51:23.527+0000: [/Users/afrieden/GrailsProjects/neo4jPlatform/http:/localhost:7474/db/data/neostore.propertystore.db.strings] brickCount=0 brickSize=688896b mappedMem=688914432b (storeSize=128b)
2013-03-26 12:51:23.527+0000: [/Users/afrieden/GrailsProjects/neo4jPlatform/http:/localhost:7474/db/data/neostore.propertystore.db.index.keys] brickCount=0 brickSize=1026b mappedMem=1048576b (storeSize=38b)
2013-03-26 12:51:23.528+0000: [/Users/afrieden/GrailsProjects/neo4jPlatform/http:/localhost:7474/db/data/neostore.propertystore.db.index] brickCount=0 brickSize=10485b mappedMem=1048576b (storeSize=0b)
2013-03-26 12:51:23.528+0000: [/Users/afrieden/GrailsProjects/neo4jPlatform/http:/localhost:7474/db/data/neostore.propertystore.db.arrays] brickCount=0 brickSize=781184b mappedMem=781189120b (storeSize=128b)
2013-03-26 12:51:23.529+0000: [/Users/afrieden/GrailsProjects/neo4jPlatform/http:/localhost:7474/db/data/neostore.propertystore.db] brickCount=0 brickSize=8105454b mappedMem=810549248b (storeSize=0b)
2013-03-26 12:51:23.529+0000: [/Users/afrieden/GrailsProjects/neo4jPlatform/http:/localhost:7474/db/data/neostore.relationshipstore.db] brickCount=0 brickSize=9929997b mappedMem=993001472b (storeSize=0b)
2013-03-26 12:51:23.529+0000: [/Users/afrieden/GrailsProjects/neo4jPlatform/http:/localhost:7474/db/data/neostore.nodestore.db] brickCount=0 brickSize=224388b mappedMem=224395264b (storeSize=9b)
2013-03-26 12:51:23.530+0000: [/Users/afrieden/GrailsProjects/neo4jPlatform/http:/localhost:7474/db/data/neostore] brickCount=0 brickSize=0b mappedMem=0b (storeSize=54b)
2013-03-26 12:51:23.542+0000: Opened logical log [/Users/afrieden/GrailsProjects/neo4jPlatform/http:/localhost:7474/db/data/nioneo_logical.log.1] version=0, lastTxId=1 (clean)
2013-03-26 12:51:23.553+0000: TM new log: tm_tx_log.1
2013-03-26 12:51:23.570+0000: Opened logical log [/Users/afrieden/GrailsProjects/neo4jPlatform/http:/localhost:7474/db/data/index/lucene.log.1] version=0, lastTxId=1 (clean)
2013-03-26 12:51:23.576+0000: --- STARTUP diagnostics START ---
2013-03-26 12:51:23.579+0000: Neo4j Kernel properties:
    forced_kernel_id=
    read_only=false
    neo4j.ext.udc.host=udc.neo4j.org
    logical_log=nioneo_logical.log
    node_auto_indexing=false
    intercept_committing_transactions=false
    cache_type=soft
    intercept_deserialized_transactions=false
    lucene_searcher_cache_size=2147483647
    neo4j.ext.udc.interval=86400000
    use_memory_mapped_buffers=true
    rebuild_idgenerators_fast=true
    neostore.propertystore.db.index.keys.mapped_memory=1M
    neostore.propertystore.db.arrays.mapped_memory=745M
    neostore.propertystore.db.strings.mapped_memory=657M
    log_mapped_memory_stats_filename=mapped_memory_stats.log
    log_mapped_memory_stats_interval=1000000
    gcr_cache_min_log_interval=60s
    relationship_grab_size=100
    relationship_auto_indexing=false
    node_cache_array_fraction=1.0
    allow_store_upgrade=false
    execution_guard_enabled=false
    relationship_cache_array_fraction=1.0
    remote_logging_host=127.0.0.1
    store_dir=http://localhost:7474/db/data/
    online_backup_enabled=false
    remote_logging_port=4560
    gc_monitor_threshold=200ms
    array_block_size=120
    load_kernel_extensions=true
    neostore.relationshipstore.db.mapped_memory=947M
    keep_logical_logs=true
    dump_configuration=false
    gc_monitor_wait_time=100ms
    neostore.nodestore.db.mapped_memory=214M
    neo4j.ext.udc.first_delay=600000
    neo4j.ext.udc.reg=unreg
    log_mapped_memory_stats=false
    neo_store=neostore
    mapped_memory_page_size=1M
    query_cache_size=100
    logging.threshold_for_rotation=104857600
    neostore.propertystore.db.index.mapped_memory=1M
    backup_slave=false
    neostore.propertystore.db.mapped_memory=773M
    string_block_size=120
    grab_file_lock=true
    remote_logging_enabled=false
    neo4j.ext.udc.enabled=true
    all_stores_total_mapped_memory_size=500M
    online_backup_port=6362
2013-03-26 12:51:23.583+0000: Diagnostics providers:
    org.neo4j.kernel.configuration.Config
    org.neo4j.kernel.info.DiagnosticsManager
    SYSTEM_MEMORY
    JAVA_MEMORY
    OPERATING_SYSTEM
    JAVA_VIRTUAL_MACHINE
    CLASSPATH
    LIBRARY_PATH
    SYSTEM_PROPERTIES
    NETWORK
2013-03-26 12:51:23.583+0000: System memory information:
    Total Physical memory: 8.00 GB
    Free Physical memory: 685.95 MB
    Committed virtual memory: 3.61 GB
    Total swap space: 4.00 GB
    Free swap space: 574.52 MB
2013-03-26 12:51:23.590+0000: JVM memory information:
    Free  memory: 637.00 MB
    Total memory: 759.69 MB
    Max   memory: 759.69 MB
    Garbage Collector: ParNew: [Par Eden Space, Par Survivor Space]
    Garbage Collector: ConcurrentMarkSweep: [Par Eden Space, Par Survivor Space, CMS Old Gen, CMS Perm Gen]
    Memory Pool: Code Cache (Non-heap memory): committed=5.19 MB, used=4.80 MB, max=48.00 MB, threshold=0.00 B
    Memory Pool: Par Eden Space (Heap memory): committed=66.56 MB, used=48.36 MB, max=66.56 MB, threshold=?
    Memory Pool: Par Survivor Space (Heap memory): committed=8.31 MB, used=739.62 kB, max=8.31 MB, threshold=?
    Memory Pool: CMS Old Gen (Heap memory): committed=684.81 MB, used=73.67 MB, max=684.81 MB, threshold=0.00 B
    Memory Pool: CMS Perm Gen (Non-heap memory): committed=256.00 MB, used=64.75 MB, max=256.00 MB, threshold=0.00 B
2013-03-26 12:51:23.593+0000: Operating system information:
    Operating System: Mac OS X; version: 10.8.3; arch: x86_64; cpus: 4
    Max number of file descriptors: 10240
    Number of open file descriptors: 189
    Process id: 12074@lt-ctowne-mac.corp.local
    Byte order: LITTLE_ENDIAN
    Local timezone: America/New_York
2013-03-26 12:51:23.595+0000: JVM information:
    VM Name: Java HotSpot(TM) 64-Bit Server VM
    VM Vendor: Apple Inc.
    VM Version: 20.14-b01-447
    JIT compiler: HotSpot 64-Bit Tiered Compilers
    VM Arguments: [-Dgrails.home=/Users/afrieden/grails/grails-2.2.1, -Dbase.dir=/Users/afrieden/GrailsProjects/neo4jPlatform, -Dtools.jar=/System/Library/Java/JavaVirtualMachines/1.6.0.jdk/Contents/Home/lib/tools.jar, -Dgroovy.starter.conf=/Users/afrieden/grails/grails-2.2.1/conf/groovy-starter.conf, -Xmx768M, -Xms768M, -XX:MaxPermSize=256m, -XX:PermSize=256m, -javaagent:/Users/afrieden/grails/grails-2.2.1/lib/org.springsource.springloaded/springloaded-core/jars/springloaded-core-1.1.1.jar, -Xverify:none, -Dspringloaded=profile=grails, -Didea.launcher.port=7538, -Didea.launcher.bin.path=/Applications/IntelliJ, IDEA, 12.app/bin, -Dfile.encoding=UTF-8]
2013-03-26 12:51:23.596+0000: Java classpath:
     [loader.0] file:/Users/afrieden/.grails/ivy-cache/commons-collections/commons-collections/jars/commons-collections-3.2.1.jar
     [bootstrap] /System/Library/Frameworks/JavaVM.framework/Versions/A/Frameworks/JavaRuntimeSupport.framework/Versions/A/Resources/Java/JavaRuntimeSupport.jar
     [loader.0] file:/Users/afrieden/.grails/ivy-cache/log4j/log4j/bundles/log4j-1.2.16.jar
     [loader.0] file:/Users/afrieden/.grails/ivy-cache/com.googlecode.concurrentlinkedhashmap/concurrentlinkedhashmap-lru/jars/concurrentlinkedhashmap-lru-1.3.1.jar
     [loader.0] file:/Users/afrieden/.grails/ivy-cache/javax.transaction/jta/jars/jta-1.1.jar
     [loader.0] file:/Users/afrieden/.grails/ivy-cache/org.grails/grails-plugin-domain-class/jars/grails-plugin-domain-class-2.2.1.jar
     [loader.0] file:/Users/afrieden/.grails/ivy-cache/org.grails/grails-logging/jars/grails-logging-2.2.1.jar
     [loader.0] file:/Users/afrieden/grails/grails-2.2.1/lib/org.apache.ivy/ivy/jars/ivy-2.2.0.jar
     [loader.2] file:/System/Library/Java/Extensions/vecmath.jar
     [loader.0] file:/Users/afrieden/.grails/ivy-cache/commons-pool/commons-pool/jars/commons-pool-1.5.6.jar
     [loader.0] file:/Users/afrieden/.grails/ivy-cache/asm/asm/jars/asm-3.1.jar
     [loader.0] file:/Users/afrieden/.grails/ivy-cache/org.apache.tomcat.embed/tomcat-embed-jasper/jars/tomcat-embed-jasper-7.0.30.jar
     [loader.0] file:/Users/afrieden/.grails/ivy-cache/org.javassist/javassist/jars/javassist-3.16.1-GA.jar
     [loader.0] file:/Users/afrieden/.grails/ivy-cache/org.apache.ant/ant-launcher/jars/ant-launcher-1.8.2.jar
     [loader.0] file:/Users/afrieden/.grails/ivy-cache/junit/junit/jars/junit-4.10.jar
     [loader.0] file:/Users/afrieden/.grails/ivy-cache/org.hibernate/hibernate-ehcache/jars/hibernate-ehcache-3.6.10.Final.jar
     [loader.0] file:/Users/afrieden/.grails/ivy-cache/org.grails/grails-plugin-servlets/jars/grails-plugin-servlets-2.2.1.jar
     [loader.0] file:/Users/afrieden/.grails/ivy-cache/org.apache.tomcat.embed/tomcat-embed-logging-juli/jars/tomcat-embed-logging-juli-7.0.30.jar
     [classpath] /Applications/IntelliJ IDEA 12.app/lib/idea_rt.jar
     [loader.0] file:/Users/afrieden/.grails/ivy-cache/net.java.dev.jna/jna/jars/jna-3.2.3.jar
     [loader.0] file:/Users/afrieden/.grails/ivy-cache/org.grails/grails-datastore-core/jars/grails-datastore-core-1.1.6.RELEASE.jar
     [loader.0] file:/Users/afrieden/.grails/ivy-cache/org.springframework/spring-orm/jars/spring-orm-3.1.4.RELEASE.jar
     [loader.0] file:/Users/afrieden/.grails/ivy-cache/org.liquibase/liquibase-core/jars/liquibase-core-2.0.5.jar
     [bootstrap] /System/Library/Java/JavaVirtualMachines/1.6.0.jdk/Contents/Classes/laf.jar
     [loader.2] file:/System/Library/Java/Extensions/libJ3D.jnilib
     [loader.0] file:/Users/afrieden/.grails/ivy-cache/org.grails/grails-plugin-gsp/jars/grails-plugin-gsp-2.2.1.jar
     [loader.0] file:/Users/afrieden/.grails/ivy-cache/org.aspectj/aspectjrt/jars/aspectjrt-1.6.10.jar
     [loader.0] file:/Users/afrieden/.grails/ivy-cache/org.neo4j/neo4j-jmx/jars/neo4j-jmx-1.8.2.jar
     [loader.2] file:/System/Library/Java/Extensions/QTJava.zip
     [loader.0] file:/Users/afrieden/.grails/ivy-cache/net.sf.ehcache/ehcache-core/jars/ehcache-core-2.4.6.jar
     [loader.0] file:/Users/afrieden/.grails/ivy-cache/org.apache.ant/ant/jars/ant-1.8.2.jar
     [loader.0] file:/Users/afrieden/.grails/ivy-cache/org.neo4j/neo4j-graph-matching/jars/neo4j-graph-matching-1.8.2.jar
     [loader.0] file:/Users/afrieden/.grails/ivy-cache/org.apache.tomcat.embed/tomcat-embed-core/jars/tomcat-embed-core-7.0.30.jar
     [loader.0] file:/Users/afrieden/.grails/ivy-cache/org.codehaus.groovy/groovy-all/jars/groovy-all-2.0.7.jar
     [loader.0] file:/Users/afrieden/.grails/ivy-cache/org.springframework/spring-jdbc/jars/spring-jdbc-3.1.4.RELEASE.jar
     [loader.2] file:/System/Library/Java/Extensions/j3daudio.jar
     [loader.2] file:/System/Library/Java/Extensions/libQTJNative.jnilib
     [loader.0] file:/Users/afrieden/.grails/ivy-cache/antlr/antlr/jars/antlr-2.7.7.jar
     [loader.0] file:/Users/afrieden/.grails/ivy-cache/xpp3/xpp3_min/jars/xpp3_min-1.1.4c.jar
     [loader.0] file:/Users/afrieden/.grails/ivy-cache/org.grails/grails-plugin-converters/jars/grails-plugin-converters-2.2.1.jar
     [loader.2] file:/System/Library/Java/Extensions/j3dcore.jar
     [loader.0] file:/Users/afrieden/.grails/ivy-cache/oro/oro/jars/oro-2.0.8.jar
     [loader.0] file:/Users/afrieden/.grails/ivy-cache/org.springframework/spring-web/jars/spring-web-3.1.4.RELEASE.jar
     [loader.0] file:/Users/afrieden/.grails/ivy-cache/org.grails/grails-scripts/jars/grails-scripts-2.2.1.jar
     [loader.0] file:/Users/afrieden/.grails/ivy-cache/org.springframework.uaa/org.springframework.uaa.client/bundles/org.springframework.uaa.client-1.0.1.RELEASE.jar
     [loader.0] file:/Users/afrieden/.grails/ivy-cache/org.neo4j/neo4j-lucene-index/jars/neo4j-lucene-index-1.8.2.jar
     [bootstrap] /System/Library/Java/JavaVirtualMachines/1.6.0.jdk/Contents/Classes/sunrsasign.jar
     [loader.0] file:/Users/afrieden/.grails/ivy-cache/com.googlecode.json-simple/json-simple/jars/json-simple-1.1.jar
     [loader.0] file:/Users/afrieden/.grails/ivy-cache/commons-validator/commons-validator/jars/commons-validator-1.3.1.jar
     [loader.0] file:/Users/afrieden/.grails/ivy-cache/aopalliance/aopalliance/jars/aopalliance-1.0.jar
     [loader.0] file:/Users/afrieden/.grails/ivy-cache/org.springframework/spring-core/jars/spring-core-3.1.4.RELEASE.jar
     [loader.0] file:/Users/afrieden/.grails/ivy-cache/org.apache.tomcat.embed/tomcat-embed-logging-log4j/jars/tomcat-embed-logging-log4j-7.0.30.jar
     [loader.0] file:/Users/afrieden/.grails/ivy-cache/jline/jline/jars/jline-1.0.jar
     [loader.2] file:/System/Library/Java/Extensions/jai_core.jar
     [loader.0] file:/Users/afrieden/.grails/ivy-cache/org.springframework/spring-expression/jars/spring-expression-3.1.4.RELEASE.jar
     [loader.0] file:/Users/afrieden/.grails/ivy-cache/org.neo4j/neo4j-cypher/jars/neo4j-cypher-1.8.2.jar
     [loader.0] file:/Users/afrieden/.grails/ivy-cache/org.slf4j/jcl-over-slf4j/jars/jcl-over-slf4j-1.6.2.jar
     [loader.0] file:/Users/afrieden/.grails/ivy-cache/org.bouncycastle/bcprov-jdk15/jars/bcprov-jdk15-1.45.jar
     [loader.0] file:/Users/afrieden/.grails/ivy-cache/org.springframework/spring-beans/jars/spring-beans-3.1.4.RELEASE.jar
     [loader.0] file:/Users/afrieden/.grails/ivy-cache/org.grails/grails-datastore-simple/jars/grails-datastore-simple-1.1.5.RELEASE.jar
     [loader.1] file:/Users/afrieden/grails/grails-2.2.1/lib/org.codehaus.groovy/groovy-all/jars/groovy-all-2.0.7.jar
     [loader.0] file:/Users/afrieden/.grails/ivy-cache/org.grails/grails-datastore-gorm-plugin-support/jars/grails-datastore-gorm-plugin-support-1.1.6.RELEASE.jar
     [loader.0] file:/Users/afrieden/.grails/ivy-cache/org.grails/grails-datastore-gorm/jars/grails-datastore-gorm-1.1.6.RELEASE.jar
     [loader.0] file:/Users/afrieden/.grails/2.2.1/projects/neo4jPlatform/scriptCache/
     [loader.0] file:/Users/afrieden/.grails/ivy-cache/commons-el/commons-el/jars/commons-el-1.0.jar
     [loader.0] file:/Users/afrieden/.grails/ivy-cache/org.grails/grails-hibernate/jars/grails-hibernate-2.2.1.jar
     [loader.0] file:/Users/afrieden/.grails/ivy-cache/org.grails/grails-plugin-tomcat/jars/grails-plugin-tomcat-2.2.1.jar
     [loader.0] file:/Users/afrieden/.grails/ivy-cache/org.hibernate.javax.persistence/hibernate-jpa-2.0-api/jars/hibernate-jpa-2.0-api-1.0.1.Final.jar
     [loader.0] file:/Users/afrieden/.grails/ivy-cache/org.grails/grails-crud/jars/grails-crud-2.2.1.jar
     [bootstrap] /System/Library/Java/JavaVirtualMachines/1.6.0.jdk/Contents/Home/lib/jce.jar
     [loader.0] file:/Users/afrieden/.grails/ivy-cache/org.neo4j/neo4j-kernel/jars/neo4j-kernel-1.8.2.jar
     [loader.0] file:/Users/afrieden/.grails/ivy-cache/commons-dbcp/commons-dbcp/jars/commons-dbcp-1.4.jar
     [loader.0] file:/Users/afrieden/.grails/ivy-cache/cglib/cglib/jars/cglib-2.2.jar
     [loader.0] file:/Users/afrieden/.grails/ivy-cache/org.grails/grails-docs/jars/grails-docs-2.2.1.jar
     [loader.0] file:/Users/afrieden/.grails/ivy-cache/org.neo4j/neo4j-graph-algo/jars/neo4j-graph-algo-1.8.2.jar
     [loader.2] file:/System/Library/Java/Extensions/AppleScriptEngine.jar
     [loader.0] file:/Users/afrieden/.grails/ivy-cache/org.neo4j/neo4j-udc/jars/neo4j-udc-1.8.2.jar
     [loader.0] file:/Users/afrieden/.grails/2.2.1/projects/neo4jPlatform/resources/
     [loader.2] file:/System/Library/Java/JavaVirtualMachines/1.6.0.jdk/Contents/Home/lib/ext/apple_provider.jar
     [loader.0] file:/Users/afrieden/.grails/ivy-cache/org.grails/grails-resources/jars/grails-resources-2.2.1.jar
     [loader.0] file:/Users/afrieden/.grails/ivy-cache/org.grails/grails-plugin-mimetypes/jars/grails-plugin-mimetypes-2.2.1.jar
     [loader.0] file:/Users/afrieden/.grails/ivy-cache/org.grails/grails-plugin-filters/jars/grails-plugin-filters-2.2.1.jar
     [loader.0] file:/Users/afrieden/.grails/ivy-cache/org.grails/grails-plugin-services/jars/grails-plugin-services-2.2.1.jar
     [loader.0] file:/Users/afrieden/.grails/ivy-cache/org.grails/grails-plugin-datasource/jars/grails-plugin-datasource-2.2.1.jar
     [loader.0] file:/Users/afrieden/.grails/ivy-cache/org.grails/grails-plugin-testing/jars/grails-plugin-testing-2.2.1.jar
     [bootstrap] /System/Library/Java/JavaVirtualMachines/1.6.0.jdk/Contents/Classes/charsets.jar
     [loader.0] file:/Users/afrieden/.grails/ivy-cache/org.hibernate/hibernate-commons-annotations/jars/hibernate-commons-annotations-3.2.0.Final.jar
     [loader.0] file:/Users/afrieden/.grails/ivy-cache/javax.validation/validation-api/jars/validation-api-1.0.0.GA.jar
     [loader.2] file:/System/Library/Java/Extensions/dns_sd.jar
     [loader.0] file:/Users/afrieden/grails/grails-2.2.1/lib/org.apache.ant/ant/jars/ant-1.8.2.jar
     [loader.0] file:/Users/afrieden/.grails/ivy-cache/org.springframework/spring-aspects/jars/spring-aspects-3.1.4.RELEASE.jar
     [loader.0] file:/Users/afrieden/.grails/ivy-cache/org.grails/grails-datastore-gorm-neo4j/jars/grails-datastore-gorm-neo4j-1.0.0.RC1.jar
     [loader.2] file:/System/Library/Java/Extensions/MRJToolkit.jar
     [loader.0] file:/Users/afrieden/.grails/ivy-cache/org.apache.lucene/lucene-core/jars/lucene-core-3.5.0.jar
     [loader.0] file:/Users/afrieden/.grails/ivy-cache/commons-fileupload/commons-fileupload/jars/commons-fileupload-1.2.2.jar
     [loader.0] file:/Users/afrieden/.grails/ivy-cache/org.slf4j/jul-to-slf4j/jars/jul-to-slf4j-1.6.2.jar
     [loader.0] file:/Users/afrieden/.grails/ivy-cache/com.h2database/h2/jars/h2-1.3.164.jar
     [loader.0] file:/Users/afrieden/.grails/ivy-cache/org.springframework/spring-jms/jars/spring-jms-3.1.4.RELEASE.jar
     [loader.2] file:/System/Library/Java/Extensions/libmlib_jai.jnilib
     [loader.0] file:/Users/afrieden/.grails/ivy-cache/org.grails/grails-bootstrap/jars/grails-bootstrap-2.2.1.jar
     [loader.0] file:/Users/afrieden/.grails/ivy-cache/com.google.protobuf/protobuf-java/jars/protobuf-java-2.4.1.jar
     [loader.0] file:/Users/afrieden/grails/grails-2.2.1/lib/net.java.dev.jna/jna/jars/jna-3.2.3.jar
     [loader.0] file:/Users/afrieden/.grails/ivy-cache/org.grails/grails-plugin-scaffolding/jars/grails-plugin-scaffolding-2.2.1.jar
     [loader.2] file:/System/Library/Java/JavaVirtualMachines/1.6.0.jdk/Contents/Home/lib/ext/dnsns.jar
     [loader.0] file:/Users/afrieden/.grails/ivy-cache/org.aspectj/aspectjweaver/jars/aspectjweaver-1.6.10.jar
     [loader.0] file:/Users/afrieden/.grails/ivy-cache/commons-codec/commons-codec/jars/commons-codec-1.5.jar
     [loader.0] file:/Users/afrieden/.grails/ivy-cache/org.grails/grails-web/jars/grails-web-2.2.1.jar
     [loader.2] file:/System/Library/Java/Extensions/mlibwrapper_jai.jar
     [loader.0] file:/Users/afrieden/.grails/ivy-cache/org.apache.tomcat/tomcat-catalina-ant/jars/tomcat-catalina-ant-7.0.30.jar
     [bootstrap] /System/Library/Java/JavaVirtualMachines/1.6.0.jdk/Contents/Classes/classes.jar
     [loader.2] file:/System/Library/Java/JavaVirtualMachines/1.6.0.jdk/Contents/Home/lib/ext/localedata.jar
     [loader.0] file:/Users/afrieden/.grails/ivy-cache/org.apache.ivy/ivy/jars/ivy-2.2.0.jar
     [loader.0] file:/Users/afrieden/.grails/ivy-cache/org.grails/grails-datastore-web/jars/grails-datastore-web-1.1.6.RELEASE.jar
     [loader.0] file:/Users/afrieden/.grails/ivy-cache/org.grails/grails-plugin-codecs/jars/grails-plugin-codecs-2.2.1.jar
     [loader.0] file:/Users/afrieden/.grails/ivy-cache/javax.servlet/jstl/jars/jstl-1.1.2.jar
     [loader.0] file:/Users/afrieden/.grails/ivy-cache/org.apache.ant/ant-trax/jars/ant-trax-1.7.1.jar
     [loader.0] file:/Users/afrieden/.grails/ivy-cache/org.hibernate/hibernate-validator/jars/hibernate-validator-4.1.0.Final.jar
     [loader.2] file:/System/Library/Java/Extensions/libJ3DAudio.jnilib
     [loader.2] file:/System/Library/Java/Extensions/libAppleScriptEngine.jnilib
     [bootstrap] /System/Library/Java/JavaVirtualMachines/1.6.0.jdk/Contents/Classes/ui.jar
     [loader.0] file:/Users/afrieden/.grails/ivy-cache/org.grails/grails-core/jars/grails-core-2.2.1.jar
     [loader.0] file:/Users/afrieden/.grails/ivy-cache/org.fusesource.jansi/jansi/jars/jansi-1.2.1.jar
     [loader.1] file:/Users/afrieden/grails/grails-2.2.1/dist/grails-bootstrap-2.2.1.jar
     [loader.2] file:/System/Library/Java/Extensions/libJ3DUtils.jnilib
     [loader.0] file:/Users/afrieden/.grails/ivy-cache/dom4j/dom4j/jars/dom4j-1.6.1.jar
     [loader.0] file:/Users/afrieden/.grails/ivy-cache/org.eclipse.jdt.core.compiler/ecj/jars/ecj-3.7.2.jar
     [loader.0] file:/Users/afrieden/.grails/ivy-cache/org.apache.ant/ant-junit/jars/ant-junit-1.8.2.jar
     [loader.1] file:/Applications/IntelliJ%20IDEA%2012.app/lib/idea_rt.jar
     [loader.0] file:/Users/afrieden/.grails/ivy-cache/org.springframework/spring-asm/jars/spring-asm-3.1.4.RELEASE.jar
     [loader.0] file:/Users/afrieden/.grails/ivy-cache/commons-io/commons-io/jars/commons-io-2.1.jar
     [loader.0] file:/Users/afrieden/.grails/ivy-cache/org.springframework/spring-aop/jars/spring-aop-3.1.4.RELEASE.jar
     [loader.2] file:/System/Library/Java/Extensions/j3dutils.jar
     [loader.0] file:/Users/afrieden/.grails/ivy-cache/org.grails/grails-plugin-controllers/jars/grails-plugin-controllers-2.2.1.jar
     [loader.0] file:/Users/afrieden/.grails/ivy-cache/org.grails/grails-plugin-i18n/jars/grails-plugin-i18n-2.2.1.jar
     [loader.0] file:/Users/afrieden/.grails/ivy-cache/commons-beanutils/commons-beanutils/jars/commons-beanutils-1.8.3.jar
     [classpath + loader.1] file:/Users/afrieden/grails/grails-2.2.1/lib/org.springsource.springloaded/springloaded-core/jars/springloaded-core-1.1.1.jar
     [loader.0] file:/Users/afrieden/.grails/ivy-cache/org.hibernate/hibernate-core/jars/hibernate-core-3.6.10.Final.jar
     [loader.0] file:/Users/afrieden/.grails/ivy-cache/org.grails/grails-test/jars/grails-test-2.2.1.jar
     [loader.2] file:/System/Library/Java/Extensions/jai_codec.jar
     [loader.0] file:/Users/afrieden/.grails/ivy-cache/org.grails/grails-plugin-url-mappings/jars/grails-plugin-url-mappings-2.2.1.jar
     [loader.0] file:/Users/afrieden/.grails/ivy-cache/org.springframework/spring-test/jars/spring-test-3.1.4.RELEASE.jar
     [loader.0] file:/Users/afrieden/.grails/ivy-cache/org.springframework/spring-tx/jars/spring-tx-3.1.4.RELEASE.jar
     [loader.0] file:/Users/afrieden/.grails/ivy-cache/org.springframework/spring-context-support/jars/spring-context-support-3.1.4.RELEASE.jar
     [loader.2] file:/System/Library/Java/JavaVirtualMachines/1.6.0.jdk/Contents/Home/lib/ext/sunjce_provider.jar
     [loader.0] file:/Users/afrieden/grails/grails-2.2.1/lib/commons-cli/commons-cli/jars/commons-cli-1.2.jar
     [loader.0] file:/Users/afrieden/.grails/ivy-cache/commons-lang/commons-lang/jars/commons-lang-2.6.jar
     [loader.0] file:/Users/afrieden/grails/grails-2.2.1/lib/jline/jline/jars/jline-1.0.jar
     [loader.0] file:/Users/afrieden/.grails/ivy-cache/opensymphony/sitemesh/jars/sitemesh-2.4.jar
     [loader.0] file:/Users/afrieden/.grails/ivy-cache/org.apache.geronimo.specs/geronimo-jta_1.1_spec/jars/geronimo-jta_1.1_spec-1.1.1.jar
     [loader.0] file:/Users/afrieden/.grails/ivy-cache/org.scala-lang/scala-library/jars/scala-library-2.9.1-1.jar
     [bootstrap] /System/Library/Java/JavaVirtualMachines/1.6.0.jdk/Contents/Classes/jsse.jar
     [loader.0] file:/Users/afrieden/.grails/ivy-cache/org.neo4j/neo4j-community/jars/neo4j-community-1.8.2.jar
     [loader.0] file:/Users/afrieden/.grails/ivy-cache/org.springframework/spring-context/jars/spring-context-3.1.4.RELEASE.jar
     [loader.0] file:/Users/afrieden/grails/grails-2.2.1/lib/org.codehaus.gant/gant_groovy1.8/jars/gant_groovy1.8-1.9.6.jar
     [loader.0] file:/Users/afrieden/.grails/ivy-cache/org.slf4j/slf4j-api/jars/slf4j-api-1.6.2.jar
     [loader.0] file:/Users/afrieden/.grails/ivy-cache/org.grails/grails-plugin-validation/jars/grails-plugin-validation-2.2.1.jar
     [loader.0] file:/Users/afrieden/.grails/ivy-cache/org.grails/grails-plugin-log4j/jars/grails-plugin-log4j-2.2.1.jar
     [bootstrap] /System/Library/Java/JavaVirtualMachines/1.6.0.jdk/Contents/Classes/jsfd.jar
     [loader.0] file:/Users/afrieden/.grails/ivy-cache/org.grails/grails-spring/jars/grails-spring-2.2.1.jar
     [loader.0] file:/Users/afrieden/.grails/ivy-cache/xalan/serializer/jars/serializer-2.7.1.jar
     [loader.2] file:/System/Library/Java/JavaVirtualMachines/1.6.0.jdk/Contents/Home/lib/ext/sunpkcs11.jar
     [loader.0] file:/Users/afrieden/.grails/ivy-cache/org.bouncycastle/bcpg-jdk15/jars/bcpg-jdk15-1.45.jar
     [loader.0] file:/Users/afrieden/grails/grails-2.2.1/lib/org.fusesource.jansi/jansi/jars/jansi-1.2.1.jar
     [loader.0] file:/Users/afrieden/.grails/ivy-cache/org.springframework/spring-webmvc/jars/spring-webmvc-3.1.4.RELEASE.jar
2013-03-26 12:51:23.601+0000: Library path:
    /Users/afrieden/GrailsProjects/neo4jPlatform
    /Library/Java/Extensions
    /System/Library/Java/Extensions
    /usr/lib/java
2013-03-26 12:51:23.602+0000: System.properties:
    sun.java.launcher = SUN_STANDARD
    catalina.base = /Users/afrieden/.grails/2.2.1/projects/neo4jPlatform/tomcat
    sun.management.compiler = HotSpot 64-Bit Tiered Compilers
    catalina.useNaming = true
    org.mortbay.xml.XmlParser.NotValidating = true
    grails.env.default = true
    tools.jar = /System/Library/Java/JavaVirtualMachines/1.6.0.jdk/Contents/Home/lib/tools.jar
    grails.env.initializing = true
    grails.env = development
    user.name = afrieden
    awt.nativeDoubleBuffering = true
    idea.launcher.bin.path = /Applications/IntelliJ IDEA 12.app/bin
    user.language = en
    sun.boot.library.path = /System/Library/Java/JavaVirtualMachines/1.6.0.jdk/Contents/Libraries
    javax.sql.DataSource.Factory = org.apache.commons.dbcp.BasicDataSourceFactory
    user.timezone = America/New_York
    sun.arch.data.model = 64
    http.nonProxyHosts = local|*.local|169.254/16|*.169.254/16
    sun.cpu.isalist = 
    sun.jnu.encoding = MacRoman
    file.encoding.pkg = sun.io
    base.name = neo4jPlatform
    file.separator = /
    grails.server.factory = org.grails.plugins.tomcat.TomcatServerFactory
    user.country = US
    grails.home = /Users/afrieden/grails/grails-2.2.1
    grails.version = 2.2.1
    path.separator = :
    grails.env.set = true
    sun.io.unicode.encoding = UnicodeLittle
    awt.toolkit = apple.awt.CToolkit
    socksNonProxyHosts = local|*.local|169.254/16|*.169.254/16
    ftp.nonProxyHosts = local|*.local|169.254/16|*.169.254/16
    user.home = /Users/afrieden
    springloaded = profile=grails
    program.name = grails
    net.sf.ehcache.skipUpdateCheck = true
    gopherProxySet = false
    sun.java.command = com.intellij.rt.execution.application.AppMain org.codehaus.groovy.grails.cli.support.GrailsStarter --main org.codehaus.groovy.grails.cli.GrailsScriptRunner --conf /Users/afrieden/grails/grails-2.2.1/conf/groovy-starter.conf run-app
    idea.launcher.port = 7538
    catalina.home = /Users/afrieden/.grails/2.2.1/projects/neo4jPlatform/tomcat
    base.dir = /Users/afrieden/GrailsProjects/neo4jPlatform
    sun.cpu.endian = little
    sun.os.patch.level = unknown
    jna.platform.library.path = /usr/lib:/usr/lib
    mrj.build = 11M4203
    mrj.version = 1070.1.6.0_43-447
    user.dir = /Users/afrieden/GrailsProjects/neo4jPlatform
    disable.grails.plugin.transform = false
    groovy.starter.conf = /Users/afrieden/grails/grails-2.2.1/conf/groovy-starter.conf
    file.encoding = UTF-8
    grails.buildScope = all
    springloaded.directoriesContainingReloadableCode = /Users/afrieden/GrailsProjects/neo4jPlatform/target/classes,/Users/afrieden/.grails/2.2.1/projects/neo4jPlatform/plugin-classes
2013-03-26 12:51:23.602+0000: Network information:
    Interface en0:
        address: fe80:0:0:0:aa20:66ff:fe56:8abc%4
        address: 10.7.16.181
    Interface lo0:
        address: 0:0:0:0:0:0:0:1
        address: fe80:0:0:0:0:0:0:1%1
        address: 127.0.0.1
2013-03-26 12:51:23.604+0000: --- STARTUP diagnostics END ---
2013-03-26 12:51:23.607+0000: Recovery completed, all transactions have been resolved to a consistent state.
2013-03-26 12:51:23.643+0000: Extension org.neo4j.kernel.KernelExtension[kernel jmx] loaded ok
2013-03-26 12:51:23.648+0000: Extension org.neo4j.kernel.KernelExtension[kernel udc] loaded ok
2013-03-26 12:51:23.650+0000: --- STARTUP diagnostics for KernelDiagnostics:Versions START ---
2013-03-26 12:51:23.650+0000: Graph Database: org.neo4j.kernel.EmbeddedGraphDatabase StoreId[time:1364302283468, id:620711834689374231, store version: 13561656364791302]
2013-03-26 12:51:23.650+0000: Kernel version: Neo4j - Graph Database Kernel 1.8.2
2013-03-26 12:51:23.650+0000: Neo4j component versions:
2013-03-26 12:51:23.651+0000:   Neo4j - Graph Database Kernel 1.8.2
2013-03-26 12:51:23.651+0000: --- STARTUP diagnostics for KernelDiagnostics:Versions END ---
2013-03-26 12:51:23.653+0000: --- STARTUP diagnostics for NEO_STORE_VERSIONS START ---
2013-03-26 12:51:23.653+0000: Store versions:
    Store versions:
      NeoStore v0.A.0
      NodeStore v0.A.0
      RelationshipStore v0.A.0
      RelationshipTypeStore v0.A.0
      PropertyStore v0.A.0
      PropertyIndexStore v0.A.0
      StringPropertyStore v0.A.0
      ArrayPropertyStore v0.A.0
2013-03-26 12:51:23.653+0000: --- STARTUP diagnostics for NEO_STORE_VERSIONS END ---
2013-03-26 12:51:23.653+0000: --- STARTUP diagnostics for NEO_STORE_ID_USAGE START ---
2013-03-26 12:51:23.653+0000: Id usage:
    Id usage:
      NodeStore: used=1 high=0
      RelationshipStore: used=0 high=-1
      RelationshipTypeStore: used=0 high=-1
      PropertyStore: used=0 high=-1
      PropertyIndexStore: used=0 high=-1
      StringPropertyStore: used=1 high=0
      ArrayPropertyStore: used=1 high=0
2013-03-26 12:51:23.654+0000: --- STARTUP diagnostics for NEO_STORE_ID_USAGE END ---
2013-03-26 12:51:23.654+0000: --- STARTUP diagnostics for PERSISTENCE_WINDOW_POOL_STATS START ---
2013-03-26 12:51:23.654+0000: --- STARTUP diagnostics for PERSISTENCE_WINDOW_POOL_STATS END ---
2013-03-26 12:51:23.654+0000: --- STARTUP diagnostics for KernelDiagnostics:StoreFiles START ---
2013-03-26 12:51:23.654+0000: Disk space on partition (Total / Free / Free %): 120137519104 / 64172122112 / 46
Storage files: (filename : modification date - size)
      active_tx_log: 2013-03-26T08:51:23-0400 - 11.00 B
      index:
        lucene-store.db: 2013-03-26T08:51:23-0400 - 40.00 B
        lucene.log.1: 2013-03-26T08:51:23-0400 - 16.00 B
        lucene.log.active: 2013-03-26T08:51:23-0400 - 4.00 B
      - Total: 2013-03-26T08:51:23-0400 - 60.00 B
      lock: 2013-03-26T08:51:23-0400 - 0.00 B
      messages.log: 2013-03-26T08:51:23-0400 - 33.95 kB
      neostore: 2013-03-26T08:51:23-0400 - 54.00 B
      neostore.id: 2013-03-26T08:51:23-0400 - 9.00 B
      neostore.nodestore.db: 2013-03-26T08:51:23-0400 - 9.00 B
      neostore.nodestore.db.id: 2013-03-26T08:51:23-0400 - 9.00 B
      neostore.propertystore.db: 2013-03-26T08:51:23-0400 - 0.00 B
      neostore.propertystore.db.arrays: 2013-03-26T08:51:23-0400 - 128.00 B
      neostore.propertystore.db.arrays.id: 2013-03-26T08:51:23-0400 - 9.00 B
      neostore.propertystore.db.id: 2013-03-26T08:51:23-0400 - 9.00 B
      neostore.propertystore.db.index: 2013-03-26T08:51:23-0400 - 0.00 B
      neostore.propertystore.db.index.id: 2013-03-26T08:51:23-0400 - 9.00 B
      neostore.propertystore.db.index.keys: 2013-03-26T08:51:23-0400 - 38.00 B
      neostore.propertystore.db.index.keys.id: 2013-03-26T08:51:23-0400 - 9.00 B
      neostore.propertystore.db.strings: 2013-03-26T08:51:23-0400 - 128.00 B
      neostore.propertystore.db.strings.id: 2013-03-26T08:51:23-0400 - 9.00 B
      neostore.relationshipstore.db: 2013-03-26T08:51:23-0400 - 0.00 B
      neostore.relationshipstore.db.id: 2013-03-26T08:51:23-0400 - 9.00 B
      neostore.relationshiptypestore.db: 2013-03-26T08:51:23-0400 - 0.00 B
      neostore.relationshiptypestore.db.id: 2013-03-26T08:51:23-0400 - 9.00 B
      neostore.relationshiptypestore.db.names: 2013-03-26T08:51:23-0400 - 38.00 B
      neostore.relationshiptypestore.db.names.id: 2013-03-26T08:51:23-0400 - 9.00 B
      nioneo_logical.log.1: 2013-03-26T08:51:23-0400 - 16.00 B
      nioneo_logical.log.active: 2013-03-26T08:51:23-0400 - 4.00 B
      store_lock: 2013-03-26T08:51:23-0400 - 0.00 B
      tm_tx_log.1: 2013-03-26T08:51:23-0400 - 0.00 B
